============================= test session starts =============================
platform win32 -- Python 3.14.5, pytest-9.1.1, pluggy-1.6.0
cachedir: .pytest_cache
rootdir: HandloomSarees/server
configfile: pytest.ini
plugins: anyio-4.12.1
collected 171 items

tests/test_addons.py::test_process_addons_valid PASSED                   [  0%]
tests/test_addons.py::test_process_addons_no_unsafe_fallbacks PASSED     [  1%]
tests/test_addons.py::test_process_addons_unavailable_fall PASSED        [  1%]
tests/test_addons.py::test_process_addons_unavailable_in_skirt PASSED    [  2%]
tests/test_addons.py::test_process_addons_invalid_key PASSED             [  2%]
tests/test_addons.py::test_legacy_order_without_addons PASSED            [  3%]
tests/test_addons.py::test_api_add_to_cart_with_addons PASSED            [  4%]
tests/test_addons.py::test_cart_line_identity_distinct_addon_rows PASSED [  4%]
tests/test_addons.py::test_cart_line_identity_quantity_update_and_remove PASSED [  5%]
tests/test_addons.py::test_checkout_snapshot_revalidates_addon_prices PASSED [  5%]
tests/test_addons.py::test_checkout_snapshot_rejects_disabled_addons PASSED [  6%]
tests/test_address_api.py::test_unauthenticated_requests_reject_no_token PASSED [  7%]
tests/test_address_api.py::test_create_address_validates_payload_whitespace_and_formats PASSED [  7%]
tests/test_address_api.py::test_user_id_injection_prevented PASSED       [  8%]
tests/test_address_api.py::test_list_and_get_user_addresses PASSED       [  8%]
tests/test_address_api.py::test_update_address_fields PASSED             [  9%]
tests/test_address_api.py::test_first_address_automatically_set_as_default PASSED [  9%]
tests/test_address_api.py::test_only_one_default_address PASSED          [ 10%]
tests/test_address_api.py::test_delete_default_address_promotes_remaining PASSED [ 11%]
tests/test_address_api.py::test_address_ownership_isolation PASSED       [ 11%]
tests/test_cart_api.py::test_update_cart_quantity_requires_token PASSED  [ 12%]
tests/test_cart_api.py::test_update_cart_quantity_validates_positive_quantity PASSED [ 12%]
tests/test_cart_api.py::test_update_cart_quantity_insufficient_stock PASSED [ 13%]
tests/test_cart_api.py::test_update_cart_quantity_success_increment_and_decrement PASSED [ 14%]
tests/test_cart_api.py::test_update_cart_quantity_missing_item PASSED    [ 14%]
tests/test_cart_api.py::test_update_cart_quantity_inactive_or_missing_product PASSED [ 15%]
tests/test_cart_api.py::test_update_cart_quantity_cross_user_protection PASSED [ 15%]
tests/test_cart_api.py::test_update_cart_quantity_does_not_create_duplicate_rows PASSED [ 16%]
tests/test_cart_api.py::test_add_and_remove_cart_regression PASSED       [ 16%]
tests/test_order_service.py::test_update_order_status_valid_transition PASSED [ 17%]
tests/test_order_service.py::test_update_order_status_invalid_transition PASSED [ 18%]
tests/test_order_service.py::test_update_order_status_terminal_state_delivered PASSED [ 18%]
tests/test_order_service.py::test_update_order_status_terminal_state_cancelled PASSED [ 19%]
tests/test_order_service.py::test_update_order_status_missing_order PASSED [ 19%]
tests/test_order_service.py::test_update_order_status_update_failure PASSED [ 20%]
tests/test_order_service.py::test_update_order_status_tracking_details PASSED [ 21%]
tests/test_payment_security.py::TestSignatureVerification::test_valid_signature_passes PASSED [ 21%]
tests/test_payment_security.py::TestSignatureVerification::test_invalid_signature_raises PASSED [ 22%]
tests/test_payment_security.py::TestSignatureVerification::test_tampered_order_id_fails PASSED [ 22%]
tests/test_payment_security.py::TestIdempotencyKey::test_same_input_same_key PASSED [ 23%]
tests/test_payment_security.py::TestIdempotencyKey::test_different_order_same_key PASSED [ 23%]
tests/test_payment_security.py::TestIdempotencyKey::test_different_user_different_key PASSED [ 24%]
tests/test_payment_security.py::TestIdempotencyKey::test_different_amount_different_key PASSED [ 25%]
tests/test_payment_security.py::TestDuplicateVerify::test_already_paid_returns_existing_order PASSED [ 25%]
tests/test_payment_security.py::TestProcessingLock::test_concurrent_request_gets_409 PASSED [ 26%]
tests/test_payment_security.py::TestAmountAndCurrencyTampering::test_matching_amount_and_currency_passes PASSED [ 26%]
tests/test_payment_security.py::TestAmountAndCurrencyTampering::test_mismatched_amount_raises PASSED [ 27%]
tests/test_payment_security.py::TestAmountAndCurrencyTampering::test_currency_mismatch_rejected PASSED [ 28%]
tests/test_payment_security.py::TestFailedPaymentInventory::test_failure_does_not_touch_stock PASSED [ 28%]
tests/test_payment_security.py::TestFailedPaymentInventory::test_failure_on_paid_session_is_ignored PASSED [ 29%]
tests/test_payment_security.py::TestMultiItemStockCompensation::test_multi_item_partial_stock_failure_rolls_back PASSED [ 29%]
tests/test_payment_security.py::TestMultiItemStockCompensation::test_order_creation_failure_rolls_back_all_stock PASSED [ 30%]
tests/test_payment_security.py::TestMultiItemStockCompensation::test_order_created_but_session_update_fails_recovers_safely PASSED [ 30%]
tests/test_payment_security.py::TestWebhookDeduplicationAndEvents::test_valid_webhook_signature PASSED [ 31%]
tests/test_payment_security.py::TestWebhookDeduplicationAndEvents::test_duplicate_webhook_event_id_skipped PASSED [ 32%]
tests/test_payment_security.py::TestWebhookSequenceEdgeCases::test_captured_webhook_before_frontend_verify PASSED [ 32%]
tests/test_payment_security.py::TestWebhookSequenceEdgeCases::test_captured_webhook_after_frontend_verify PASSED [ 33%]
tests/test_payment_security.py::TestWebhookSequenceEdgeCases::test_failed_after_captured_ignored PASSED [ 33%]
tests/test_payment_security.py::TestRefundValidationsAndAtomicLock::test_invalid_refund_amount_zero_or_negative_raises_400 PASSED [ 34%]
tests/test_payment_security.py::TestRefundValidationsAndAtomicLock::test_invalid_refund_amount_exceeds_total_raises_400 PASSED [ 35%]
tests/test_payment_security.py::TestRefundValidationsAndAtomicLock::test_concurrent_double_refund_blocked_by_atomic_lock PASSED [ 35%]
tests/test_payment_security.py::TestRefundRolePermissions::test_non_admin_refund_access_forbidden PASSED [ 36%]
tests/test_payment_security.py::TestRefundRolePermissions::test_admin_refund_access_allowed PASSED [ 36%]
tests/test_payment_security.py::TestTmpSessionBlocksRazorpayCall::test_tmp_session_returns_409_and_skips_razorpay PASSED [ 37%]
tests/test_payment_security.py::TestRefundAtomicLockBothColumns::test_atomic_set_refunding_checks_both_conditions PASSED [ 38%]
tests/test_payment_security.py::TestWebhookReserveFirst::test_reserve_returns_true_on_first_insert PASSED [ 38%]
tests/test_payment_security.py::TestWebhookReserveFirst::test_reserve_returns_false_on_duplicate_key PASSED [ 39%]
tests/test_payment_security.py::TestWebhookReserveFirst::test_reserve_raises_on_non_duplicate_db_error PASSED [ 39%]
tests/test_payment_security.py::TestWebhookReserveFirst::test_reserve_returns_false_on_duplicate_key PASSED [ 39%]
tests/test_payment_security.py::TestWebhookReserveFirst::test_reserve_raises_on_network_error PASSED [ 40%]
tests/test_payment_security.py::TestWebhookReserveFirst::test_empty_event_id_always_returns_true PASSED [ 40%]
tests/test_payment_security.py::TestWebhookHandlerErrorBehavior::test_duplicate_event_returns_200_skip PASSED [ 41%]
tests/test_payment_security.py::TestWebhookHandlerErrorBehavior::test_reservation_db_error_returns_503 PASSED [ 42%]
tests/test_payment_security.py::TestWebhookHandlerErrorBehavior::test_processing_failure_marks_event_failed_and_returns_503 PASSED [ 88%]
tests/test_payment_security.py::TestAtomicIncrementStock::test_increment_stock_calls_rpc PASSED [ 90%]
tests/test_payment_security.py::TestAtomicIncrementStock::test_increment_stock_rpc_failure_raises PASSED [ 92%]
tests/test_payment_security.py::TestRefundWithoutSessionBlocked::test_refund_without_session_raises_400 PASSED [ 95%]
tests/test_payment_security.py::TestRefundWithoutSessionBlocked::test_refund_already_initiated_blocked PASSED [ 97%]
tests/test_payment_security.py::TestWebhookCapturedAfterFrontendVerify::test_webhook_after_frontend_verify_returns_existing_order PASSED [100%]
tests/test_product_addons.py::test_list_addons_returns_all PASSED        [ 42%]
tests/test_product_addons.py::test_list_addons_by_product_id PASSED      [ 43%]
tests/test_product_addons.py::test_list_addons_by_category PASSED        [ 43%]
tests/test_product_addons.py::test_addon_price_calculation PASSED        [ 44%]
tests/test_product_addons.py::test_addon_not_found PASSED                [ 45%]
tests/test_product_addons.py::test_addon_validation_invalid_quantity PASSED [ 45%]
tests/test_product_addons.py::test_addon_validation_disabled_addon PASSED [ 46%]
tests/test_product_addons.py::test_cart_addon_integration PASSED         [ 46%]
tests/test_product_addons.py::test_checkout_addon_snapshot PASSED        [ 47%]
tests/test_product_addons.py::test_addon_price_history PASSED            [ 48%]
tests/test_security_and_settings.py::test_cors_allows_configured_origin PASSED [ 48%]
tests/test_security_and_settings.py::test_cors_rejects_unknown_origin PASSED [ 49%]
tests/test_security_and_settings.py::test_rate_limit_returns_429 PASSED  [ 49%]
tests/test_security_and_settings.py::test_settings_singleton PASSED      [ 50%]
tests/test_security_and_settings.py::test_settings_required_fields PASSED [ 50%]
tests/test_security_and_settings.py::test_supabase_client_initialised_with_correct_url PASSED [ 51%]
tests/test_security_and_settings.py::test_health_endpoint PASSED         [ 52%]
tests/test_security_and_settings.py::test_admin_list_orders_requires_token PASSED [ 52%]
tests/test_security_and_settings.py::test_admin_list_orders_rejects_customer_token PASSED [ 53%]
tests/test_security_and_settings.py::test_admin_list_orders_allows_admin_token PASSED [ 53%]
tests/test_security_and_settings.py::test_admin_get_order_details_requires_token PASSED [ 54%]
tests/test_security_and_settings.py::test_admin_get_order_details_rejects_customer_token PASSED [ 55%]
tests/test_security_and_settings.py::test_admin_get_order_details_allows_admin_token PASSED [ 55%]
tests/test_security_and_settings.py::test_admin_list_video_bookings_requires_token PASSED [ 56%]
tests/test_security_and_settings.py::test_admin_list_video_bookings_rejects_customer_token PASSED [ 56%]
tests/test_security_and_settings.py::test_admin_list_video_bookings_allows_admin_token PASSED [ 90%]
tests/test_security_and_settings.py::test_admin_update_video_booking_status_requires_token PASSED [ 91%]
tests/test_security_and_settings.py::test_admin_update_video_booking_status_rejects_customer_token PASSED [ 91%]
tests/test_security_and_settings.py::test_admin_update_video_booking_status_allows_admin_token PASSED [ 92%]
tests/test_security_and_settings.py::test_admin_whatsapp_order_confirmation_requires_token PASSED [ 92%]
tests/test_security_and_settings.py::test_admin_whatsapp_order_confirmation_rejects_customer_token PASSED [ 93%]
tests/test_security_and_settings.py::test_admin_whatsapp_order_confirmation_allows_admin_token PASSED [ 94%]
tests/test_security_and_settings.py::test_admin_whatsapp_shipping_notification_requires_token PASSED [ 94%]
tests/test_security_and_settings.py::test_admin_whatsapp_shipping_notification_rejects_customer_token PASSED [ 95%]
tests/test_security_and_settings.py::test_admin_whatsapp_shipping_notification_allows_admin_token PASSED [ 95%]
tests/test_security_and_settings.py::test_admin_instagram_send_message_requires_token PASSED [ 96%]
tests/test_security_and_settings.py::test_admin_instagram_send_message_rejects_customer_token PASSED [ 97%]
tests/test_security_and_settings.py::test_admin_instagram_send_message_allows_admin_token PASSED [ 97%]
tests/test_security_and_settings.py::test_admin_update_order_status_requires_token PASSED [ 98%]
tests/test_security_and_settings.py::test_admin_update_order_status_rejects_customer_token PASSED [ 98%]
tests/test_security_and_settings.py::test_admin_update_order_status_allows_admin_token PASSED [ 99%]
tests/test_security_and_settings.py::test_admin_update_order_status_with_tracking PASSED [100%]

============================== warnings summary ===============================
  DeprecationWarning: 'asyncio.iscoroutinefunction' is deprecated (slowapi)
  DeprecationWarning: pkg_resources is deprecated (razorpay)

-- Docs: https://docs.pytest.org/en/stable/how-to/capture-warnings.html
======================= 171 passed, 3 warnings in 2.10s =======================
